<?xml version="1.0" encoding="UTF-8"?>
<!-- Generated by org.testng.reporters.JUnitReportReporter -->
<testsuite hostname="alka-VirtualBox" name="ca.on.oicr.pde.workflows.STARfusionWorkflowClientTest" tests="1" failures="0" timestamp="29 May 2018 18:08:14 GMT" time="62.571" errors="0">
  <testcase name="validateRegressionTestDefinition" time="62.571" classname="ca.on.oicr.pde.workflows.STARfusionWorkflowClientTest"/>
</testsuite> <!-- ca.on.oicr.pde.workflows.STARfusionWorkflowClientTest -->
