<?xml version="1.0" encoding="UTF-8"?>
<!-- Generated by org.testng.reporters.JUnitReportReporter -->
<testsuite hostname="alka-VirtualBox" name="ca.on.oicr.pde.workflows.STARfusionWorkflowClientTest" tests="1" failures="0" timestamp="28 May 2018 15:16:56 GMT" time="211.643" errors="0">
  <testcase name="validateRegressionTestDefinition" time="211.643" classname="ca.on.oicr.pde.workflows.STARfusionWorkflowClientTest"/>
</testsuite> <!-- ca.on.oicr.pde.workflows.STARfusionWorkflowClientTest -->
